Configuring fast-logger-2.4.10...
Building fast-logger-2.4.10...
Preprocessing library fast-logger-2.4.10...
[1 of 8] Compiling System.Log.FastLogger.LogStr ( System\Log\FastLogger\LogStr.hs, .stack-work\dist\ca59d0ab\build\System\Log\FastLogger\LogStr.o )
[2 of 8] Compiling System.Log.FastLogger.IORef ( System\Log\FastLogger\IORef.hs, .stack-work\dist\ca59d0ab\build\System\Log\FastLogger\IORef.o )
[3 of 8] Compiling System.Log.FastLogger.IO ( System\Log\FastLogger\IO.hs, .stack-work\dist\ca59d0ab\build\System\Log\FastLogger\IO.o )
[4 of 8] Compiling System.Log.FastLogger.FileIO ( System\Log\FastLogger\FileIO.hs, .stack-work\dist\ca59d0ab\build\System\Log\FastLogger\FileIO.o )
[5 of 8] Compiling System.Log.FastLogger.Logger ( System\Log\FastLogger\Logger.hs, .stack-work\dist\ca59d0ab\build\System\Log\FastLogger\Logger.o )
[6 of 8] Compiling System.Log.FastLogger.File ( System\Log\FastLogger\File.hs, .stack-work\dist\ca59d0ab\build\System\Log\FastLogger\File.o )
[7 of 8] Compiling System.Log.FastLogger.Date ( System\Log\FastLogger\Date.hs, .stack-work\dist\ca59d0ab\build\System\Log\FastLogger\Date.o )
[8 of 8] Compiling System.Log.FastLogger ( System\Log\FastLogger.hs, .stack-work\dist\ca59d0ab\build\System\Log\FastLogger.o )
Installing library in
C:\sr\snapshots\aefe70d8\lib\x86_64-windows-ghc-8.0.2\fast-logger-2.4.10-EzPG6cXTz5mFruQq6OdJ4C
Registering fast-logger-2.4.10...
Cabal-simple_Z6RU0evB_1.24.2.0_ghc-8.0.2.exe:
'C:\Users\Jacob\AppData\Local\Programs\stack\x86_64-windows\ghc-8.0.2\bin\ghc-pkg.EXE'
exited with an error:
fast-logger-2.4.10: Warning: haddock-interfaces:
C:\sr\snapshots\aefe70d8\doc\fast-logger-2.4.10\fast-logger.haddock doesn't
exist or isn't a file
ghc-pkg.EXE: C:\sr\snapshots\aefe70d8\pkgdb\package.cache: you don't have
permission to modify this file
